<?xml version="1.0" encoding="UTF-8"?>
<!-- Generated by org.testng.reporters.JUnitReportReporter -->
<testsuite hostname="LAPTOP-4EIFP6UE" failures="0" tests="1" name="poshanTraker.TC001" time="26.245" errors="0" timestamp="2023-09-14T15:45:21 IST" skipped="0">
  <testcase classname="poshanTraker.TC001" name="formfill" time="26.245"/>
</testsuite> <!-- poshanTraker.TC001 -->
