<?xml version="1.0" encoding="UTF-8"?>
<!-- Generated by org.testng.reporters.JUnitReportReporter -->
<testsuite hostname="LAPTOP-4EIFP6UE" failures="0" tests="1" name="Master.WholeForm" time="6.060" errors="0" timestamp="2023-09-14T19:36:55 IST" skipped="0">
  <testcase classname="Master.WholeForm" name="WholeForm" time="6.060"/>
</testsuite> <!-- Master.WholeForm -->
